<?xml version="1.0" encoding="UTF-8"?>
<coverage generated="1650472782005" clover="3.2.0">
  <project timestamp="1650472782005" name="All files">
    <metrics statements="24" coveredstatements="24" conditionals="13" coveredconditionals="13" methods="5" coveredmethods="5" elements="42" coveredelements="42" complexity="0" loc="24" ncloc="24" packages="1" files="1" classes="1"/>
    <file name="index.ts" path="/Users/ivan/Documents/GitHub/ts-multi/index.ts">
      <metrics statements="24" coveredstatements="24" conditionals="13" coveredconditionals="13" methods="5" coveredmethods="5"/>
      <line num="2" count="1" type="stmt"/>
      <line num="4" count="1" type="stmt"/>
      <line num="5" count="15" type="stmt"/>
      <line num="8" count="1" type="stmt"/>
      <line num="9" count="15" type="stmt"/>
      <line num="12" count="1" type="stmt"/>
      <line num="25" count="7" type="stmt"/>
      <line num="27" count="7" type="stmt"/>
      <line num="28" count="12" type="stmt"/>
      <line num="29" count="12" type="cond" truecount="1" falsecount="0"/>
      <line num="30" count="5" type="stmt"/>
      <line num="33" count="7" type="stmt"/>
      <line num="34" count="7" type="stmt"/>
      <line num="35" count="13" type="stmt"/>
      <line num="36" count="13" type="stmt"/>
      <line num="38" count="13" type="cond" truecount="1" falsecount="0"/>
      <line num="39" count="6" type="stmt"/>
      <line num="42" count="7" type="cond" truecount="3" falsecount="0"/>
      <line num="43" count="3" type="stmt"/>
      <line num="46" count="7" type="cond" truecount="1" falsecount="0"/>
      <line num="52" count="1" type="stmt"/>
      <line num="55" count="6" type="cond" truecount="3" falsecount="0"/>
      <line num="56" count="2" type="stmt"/>
      <line num="60" count="4" type="stmt"/>
    </file>
  </project>
</coverage>
