{"/Users/ivan/Documents/GitHub/ts-multi/index.ts": {"path":"/Users/ivan/Documents/GitHub/ts-multi/index.ts","statementMap":{"0":{"start":{"line":2,"column":0},"end":{"line":2,"column":16}},"1":{"start":{"line":5,"column":2},"end":{"line":5,"column":16}},"2":{"start":{"line":4,"column":0},"end":{"line":4,"column":16}},"3":{"start":{"line":9,"column":2},"end":{"line":9,"column":29}},"4":{"start":{"line":8,"column":0},"end":{"line":8,"column":16}},"5":{"start":{"line":25,"column":21},"end":{"line":25,"column":58}},"6":{"start":{"line":27,"column":2},"end":{"line":61,"column":4}},"7":{"start":{"line":28,"column":21},"end":{"line":28,"column":40}},"8":{"start":{"line":29,"column":4},"end":{"line":31,"column":null}},"9":{"start":{"line":30,"column":6},"end":{"line":30,"column":53}},"10":{"start":{"line":33,"column":24},"end":{"line":33,"column":28}},"11":{"start":{"line":34,"column":4},"end":{"line":58,"column":null}},"12":{"start":{"line":34,"column":17},"end":{"line":34,"column":18}},"13":{"start":{"line":35,"column":24},"end":{"line":35,"column":51}},"14":{"start":{"line":36,"column":21},"end":{"line":36,"column":47}},"15":{"start":{"line":38,"column":6},"end":{"line":40,"column":null}},"16":{"start":{"line":39,"column":8},"end":{"line":39,"column":17}},"17":{"start":{"line":42,"column":6},"end":{"line":44,"column":null}},"18":{"start":{"line":43,"column":8},"end":{"line":43,"column":64}},"19":{"start":{"line":46,"column":6},"end":{"line":53,"column":null}},"20":{"start":{"line":52,"column":8},"end":{"line":52,"column":24}},"21":{"start":{"line":55,"column":6},"end":{"line":57,"column":null}},"22":{"start":{"line":56,"column":8},"end":{"line":56,"column":24}},"23":{"start":{"line":60,"column":4},"end":{"line":60,"column":27}},"24":{"start":{"line":12,"column":0},"end":{"line":12,"column":24}}},"fnMap":{"0":{"name":"noop","decl":{"start":{"line":2,"column":16},"end":{"line":2,"column":20}},"loc":{"start":{"line":2,"column":20},"end":{"line":2,"column":25}}},"1":{"name":"first","decl":{"start":{"line":4,"column":16},"end":{"line":4,"column":21}},"loc":{"start":{"line":4,"column":41},"end":{"line":6,"column":1}}},"2":{"name":"last","decl":{"start":{"line":8,"column":16},"end":{"line":8,"column":20}},"loc":{"start":{"line":8,"column":40},"end":{"line":10,"column":1}}},"3":{"name":"multik","decl":{"start":{"line":12,"column":24},"end":{"line":12,"column":30}},"loc":{"start":{"line":23,"column":3},"end":{"line":62,"column":1}}},"4":{"name":"(anonymous_4)","decl":{"start":{"line":27,"column":9},"end":{"line":27,"column":10}},"loc":{"start":{"line":27,"column":21},"end":{"line":61,"column":3}}}},"branchMap":{"0":{"loc":{"start":{"line":29,"column":4},"end":{"line":31,"column":null}},"type":"if","locations":[{"start":{"line":29,"column":4},"end":{"line":31,"column":null}}]},"1":{"loc":{"start":{"line":38,"column":6},"end":{"line":40,"column":null}},"type":"if","locations":[{"start":{"line":38,"column":6},"end":{"line":40,"column":null}}]},"2":{"loc":{"start":{"line":42,"column":6},"end":{"line":44,"column":null}},"type":"if","locations":[{"start":{"line":42,"column":6},"end":{"line":44,"column":null}}]},"3":{"loc":{"start":{"line":42,"column":10},"end":{"line":42,"column":78}},"type":"binary-expr","locations":[{"start":{"line":42,"column":10},"end":{"line":42,"column":43}},{"start":{"line":42,"column":47},"end":{"line":42,"column":78}}]},"4":{"loc":{"start":{"line":46,"column":6},"end":{"line":53,"column":null}},"type":"if","locations":[{"start":{"line":46,"column":6},"end":{"line":53,"column":null}}]},"5":{"loc":{"start":{"line":47,"column":8},"end":{"line":50,"column":36}},"type":"binary-expr","locations":[{"start":{"line":47,"column":8},"end":{"line":47,"column":41}},{"start":{"line":48,"column":8},"end":{"line":48,"column":39}},{"start":{"line":49,"column":8},"end":{"line":49,"column":36}},{"start":{"line":50,"column":8},"end":{"line":50,"column":36}}]},"6":{"loc":{"start":{"line":55,"column":6},"end":{"line":57,"column":null}},"type":"if","locations":[{"start":{"line":55,"column":6},"end":{"line":57,"column":null}}]},"7":{"loc":{"start":{"line":55,"column":10},"end":{"line":55,"column":66}},"type":"binary-expr","locations":[{"start":{"line":55,"column":10},"end":{"line":55,"column":34}},{"start":{"line":55,"column":38},"end":{"line":55,"column":66}}]}},"s":{"0":1,"1":15,"2":1,"3":15,"4":1,"5":7,"6":7,"7":12,"8":12,"9":5,"10":7,"11":7,"12":7,"13":13,"14":13,"15":13,"16":6,"17":7,"18":3,"19":7,"20":1,"21":6,"22":2,"23":4,"24":1},"f":{"0":2,"1":15,"2":15,"3":7,"4":12},"b":{"0":[5],"1":[6],"2":[3],"3":[7,3],"4":[1],"5":[7,4,2,2],"6":[2],"7":[6,2]}}
}
