TN:
SF:index.ts
FN:2,noop
FN:4,first
FN:8,last
FN:12,multik
FN:27,(anonymous_4)
FNF:5
FNH:5
FNDA:2,noop
FNDA:15,first
FNDA:15,last
FNDA:7,multik
FNDA:12,(anonymous_4)
DA:2,1
DA:4,1
DA:5,15
DA:8,1
DA:9,15
DA:12,1
DA:25,7
DA:27,7
DA:28,12
DA:29,12
DA:30,5
DA:33,7
DA:34,7
DA:35,13
DA:36,13
DA:38,13
DA:39,6
DA:42,7
DA:43,3
DA:46,7
DA:52,1
DA:55,6
DA:56,2
DA:60,4
LF:24
LH:24
BRDA:29,0,0,5
BRDA:38,1,0,6
BRDA:42,2,0,3
BRDA:42,3,0,7
BRDA:42,3,1,3
BRDA:46,4,0,1
BRDA:47,5,0,7
BRDA:47,5,1,4
BRDA:47,5,2,2
BRDA:47,5,3,2
BRDA:55,6,0,2
BRDA:55,7,0,6
BRDA:55,7,1,2
BRF:13
BRH:13
end_of_record
